This is pdfTeX, Version 3.14159265-2.6-1.40.19 (MiKTeX 2.9.6700 64-bit) (preloaded format=pdflatex 2018.5.13)  9 NOV 2018 11:12
entering extended mode
**./Relatorio.tex
(Relatorio.tex
LaTeX2e <2018-04-01> patch level 4
Babel <3.20> and hyphenation patterns for 75 language(s) loaded.
("C:\Users\flpin\AppData\Local\Programs\MiKTeX 2.9\tex\latex\base\article.cls"
Document Class: article 2014/09/29 v1.4h Standard LaTeX document class
("C:\Users\flpin\AppData\Local\Programs\MiKTeX 2.9\tex\latex\base\size12.clo"
File: size12.clo 2014/09/29 v1.4h Standard LaTeX file (size option)
)
\c@part=\count80
\c@section=\count81
\c@subsection=\count82
\c@subsubsection=\count83
\c@paragraph=\count84
\c@subparagraph=\count85
\c@figure=\count86
\c@table=\count87
\abovecaptionskip=\skip41
\belowcaptionskip=\skip42
\bibindent=\dimen102
) ("C:\Users\flpin\AppData\Local\Programs\MiKTeX 2.9\tex\generic\babel\babel.st
y"
Package: babel 2018/05/02 3.20 The Babel package

("C:\Users\flpin\AppData\Local\Programs\MiKTeX 2.9\tex\generic\babel\switch.def
"
File: switch.def 2018/05/02 3.20 Babel switching mechanism
)
*************************************
* Local config file bblopts.cfg used
*
("C:\Users\flpin\AppData\Local\Programs\MiKTeX 2.9\tex\latex\arabi\bblopts.cfg"
File: bblopts.cfg 2005/09/08 v0.1 add Arabic and Farsi to "declared" options of
 babel
)
("C:\Users\flpin\AppData\Local\Programs\MiKTeX 2.9\tex\latex\babel-portuges\por
tuges.ldf"
Language: portuges 2008/03/18 v1.2q Portuguese support from the babel system

("C:\Users\flpin\AppData\Local\Programs\MiKTeX 2.9\tex\generic\babel\babel.def"
File: babel.def 2018/05/02 3.20 Babel common definitions
\babel@savecnt=\count88
\U@D=\dimen103

("C:\Users\flpin\AppData\Local\Programs\MiKTeX 2.9\tex\generic\babel\txtbabel.d
ef")
\bbl@dirlevel=\count89
)
\l@brazil = a dialect from \language\l@portuges 
Package babel Info: Making " an active character on input line 145.
))
("C:\Users\flpin\AppData\Local\Programs\MiKTeX 2.9\tex\latex\base\inputenc.sty"
Package: inputenc 2018/04/06 v1.3b Input encoding file
\inpenc@prehook=\toks14
\inpenc@posthook=\toks15
("C:\Users\flpin\AppData\Local\Programs\MiKTeX 2.9\tex\latex\base\latin1.def"
File: latin1.def 2018/04/06 v1.3b Input encoding file
)) ("C:\Users\flpin\AppData\Local\Programs\MiKTeX 2.9\tex\latex\base\fontenc.st
y"
Package: fontenc 2017/04/05 v2.0i Standard LaTeX package
("C:\Users\flpin\AppData\Local\Programs\MiKTeX 2.9\tex\latex\base\t1enc.def"
File: t1enc.def 2017/04/05 v2.0i Standard LaTeX file
LaTeX Font Info:    Redeclaring font encoding T1 on input line 48.
))
("C:\Users\flpin\AppData\Local\Programs\MiKTeX 2.9\tex\latex\graphics\graphicx.
sty"
Package: graphicx 2017/06/01 v1.1a Enhanced LaTeX Graphics (DPC,SPQR)

("C:\Users\flpin\AppData\Local\Programs\MiKTeX 2.9\tex\latex\graphics\keyval.st
y"
Package: keyval 2014/10/28 v1.15 key=value parser (DPC)
\KV@toks@=\toks16
)
("C:\Users\flpin\AppData\Local\Programs\MiKTeX 2.9\tex\latex\graphics\graphics.
sty"
Package: graphics 2017/06/25 v1.2c Standard LaTeX Graphics (DPC,SPQR)

("C:\Users\flpin\AppData\Local\Programs\MiKTeX 2.9\tex\latex\graphics\trig.sty"
Package: trig 2016/01/03 v1.10 sin cos tan (DPC)
)
("C:\Users\flpin\AppData\Local\Programs\MiKTeX 2.9\tex\latex\graphics-cfg\graph
ics.cfg"
File: graphics.cfg 2016/06/04 v1.11 sample graphics configuration
)
Package graphics Info: Driver file: pdftex.def on input line 99.

("C:\Users\flpin\AppData\Local\Programs\MiKTeX 2.9\tex\latex\graphics-def\pdfte
x.def"
File: pdftex.def 2018/01/08 v1.0l Graphics/color driver for pdftex
))
\Gin@req@height=\dimen104
\Gin@req@width=\dimen105
)
("C:\Users\flpin\AppData\Local\Programs\MiKTeX 2.9\tex\latex\tools\indentfirst.
sty"
Package: indentfirst 1995/11/23 v1.03 Indent first paragraph (DPC)
)
("C:\Users\flpin\AppData\Local\Programs\MiKTeX 2.9\tex\latex\hyperref\hyperref.
sty"
Package: hyperref 2018/02/06 v6.86b Hypertext links for LaTeX

("C:\Users\flpin\AppData\Local\Programs\MiKTeX 2.9\tex\generic\oberdiek\hobsub-
hyperref.sty"
Package: hobsub-hyperref 2016/05/16 v1.14 Bundle oberdiek, subset hyperref (HO)


("C:\Users\flpin\AppData\Local\Programs\MiKTeX 2.9\tex\generic\oberdiek\hobsub-
generic.sty"
Package: hobsub-generic 2016/05/16 v1.14 Bundle oberdiek, subset generic (HO)
Package: hobsub 2016/05/16 v1.14 Construct package bundles (HO)
Package: infwarerr 2016/05/16 v1.4 Providing info/warning/error messages (HO)
Package: ltxcmds 2016/05/16 v1.23 LaTeX kernel commands for general use (HO)
Package: ifluatex 2016/05/16 v1.4 Provides the ifluatex switch (HO)
Package ifluatex Info: LuaTeX not detected.
Package: ifvtex 2016/05/16 v1.6 Detect VTeX and its facilities (HO)
Package ifvtex Info: VTeX not detected.
Package: intcalc 2016/05/16 v1.2 Expandable calculations with integers (HO)
Package: ifpdf 2017/03/15 v3.2 Provides the ifpdf switch
Package: etexcmds 2016/05/16 v1.6 Avoid name clashes with e-TeX commands (HO)
Package etexcmds Info: Could not find \expanded.
(etexcmds)             That can mean that you are not using pdfTeX 1.50 or
(etexcmds)             that some package has redefined \expanded.
(etexcmds)             In the latter case, load this package earlier.
Package: kvsetkeys 2016/05/16 v1.17 Key value parser (HO)
Package: kvdefinekeys 2016/05/16 v1.4 Define keys (HO)
Package: pdftexcmds 2018/01/30 v0.27 Utility functions of pdfTeX for LuaTeX (HO
)
Package pdftexcmds Info: LuaTeX not detected.
Package pdftexcmds Info: \pdf@primitive is available.
Package pdftexcmds Info: \pdf@ifprimitive is available.
Package pdftexcmds Info: \pdfdraftmode found.
Package: pdfescape 2016/05/16 v1.14 Implements pdfTeX's escape features (HO)
Package: bigintcalc 2016/05/16 v1.4 Expandable calculations on big integers (HO
)
Package: bitset 2016/05/16 v1.2 Handle bit-vector datatype (HO)
Package: uniquecounter 2016/05/16 v1.3 Provide unlimited unique counter (HO)
)
Package hobsub Info: Skipping package `hobsub' (already loaded).
Package: letltxmacro 2016/05/16 v1.5 Let assignment for LaTeX macros (HO)
Package: hopatch 2016/05/16 v1.3 Wrapper for package hooks (HO)
Package: xcolor-patch 2016/05/16 xcolor patch
Package: atveryend 2016/05/16 v1.9 Hooks at the very end of document (HO)
Package atveryend Info: \enddocument detected (standard20110627).
Package: atbegshi 2016/06/09 v1.18 At begin shipout hook (HO)
Package: refcount 2016/05/16 v3.5 Data extraction from label references (HO)
Package: hycolor 2016/05/16 v1.8 Color options for hyperref/bookmark (HO)
)
("C:\Users\flpin\AppData\Local\Programs\MiKTeX 2.9\tex\generic\ifxetex\ifxetex.
sty"
Package: ifxetex 2010/09/12 v0.6 Provides ifxetex conditional
)
("C:\Users\flpin\AppData\Local\Programs\MiKTeX 2.9\tex\latex\oberdiek\auxhook.s
ty"
Package: auxhook 2016/05/16 v1.4 Hooks for auxiliary files (HO)
)
("C:\Users\flpin\AppData\Local\Programs\MiKTeX 2.9\tex\latex\oberdiek\kvoptions
.sty"
Package: kvoptions 2016/05/16 v3.12 Key value format for package options (HO)
)
\@linkdim=\dimen106
\Hy@linkcounter=\count90
\Hy@pagecounter=\count91

("C:\Users\flpin\AppData\Local\Programs\MiKTeX 2.9\tex\latex\hyperref\pd1enc.de
f"
File: pd1enc.def 2018/02/06 v6.86b Hyperref: PDFDocEncoding definition (HO)
Now handling font encoding PD1 ...
... no UTF-8 mapping file for font encoding PD1
)
\Hy@SavedSpaceFactor=\count92

("C:\Users\flpin\AppData\Local\Programs\MiKTeX 2.9\tex\latex\00miktex\hyperref.
cfg"
File: hyperref.cfg 2002/06/06 v1.2 hyperref configuration of TeXLive
)
Package hyperref Info: Hyper figures OFF on input line 4509.
Package hyperref Info: Link nesting OFF on input line 4514.
Package hyperref Info: Hyper index ON on input line 4517.
Package hyperref Info: Plain pages OFF on input line 4524.
Package hyperref Info: Backreferencing OFF on input line 4529.
Package hyperref Info: Implicit mode ON; LaTeX internals redefined.
Package hyperref Info: Bookmarks ON on input line 4762.
\c@Hy@tempcnt=\count93
 ("C:\Users\flpin\AppData\Local\Programs\MiKTeX 2.9\tex\latex\url\url.sty"
\Urlmuskip=\muskip10
Package: url 2013/09/16  ver 3.4  Verb mode for urls, etc.
)
LaTeX Info: Redefining \url on input line 5115.
\XeTeXLinkMargin=\dimen107
\Fld@menulength=\count94
\Field@Width=\dimen108
\Fld@charsize=\dimen109
Package hyperref Info: Hyper figures OFF on input line 6369.
Package hyperref Info: Link nesting OFF on input line 6374.
Package hyperref Info: Hyper index ON on input line 6377.
Package hyperref Info: backreferencing OFF on input line 6384.
Package hyperref Info: Link coloring OFF on input line 6389.
Package hyperref Info: Link coloring with OCG OFF on input line 6394.
Package hyperref Info: PDF/A mode OFF on input line 6399.
LaTeX Info: Redefining \ref on input line 6439.
LaTeX Info: Redefining \pageref on input line 6443.
\Hy@abspage=\count95
\c@Item=\count96
\c@Hfootnote=\count97
)
Package hyperref Info: Driver (autodetected): hpdftex.

("C:\Users\flpin\AppData\Local\Programs\MiKTeX 2.9\tex\latex\hyperref\hpdftex.d
ef"
File: hpdftex.def 2018/02/06 v6.86b Hyperref driver for pdfTeX
\Fld@listcount=\count98
\c@bookmark@seq@number=\count99

("C:\Users\flpin\AppData\Local\Programs\MiKTeX 2.9\tex\latex\oberdiek\rerunfile
check.sty"
Package: rerunfilecheck 2016/05/16 v1.8 Rerun checks for auxiliary files (HO)
Package uniquecounter Info: New unique counter `rerunfilecheck' on input line 2
82.
)
\Hy@SectionHShift=\skip43
)
("C:\Users\flpin\AppData\Local\Programs\MiKTeX 2.9\tex\latex\pdfpages\pdfpages.
sty"
Package: pdfpages 2017/10/31 v0.5l Insert pages of external PDF documents (AM)

("C:\Users\flpin\AppData\Local\Programs\MiKTeX 2.9\tex\latex\base\ifthen.sty"
Package: ifthen 2014/09/29 v1.1c Standard LaTeX ifthen package (DPC)
)
("C:\Users\flpin\AppData\Local\Programs\MiKTeX 2.9\tex\latex\tools\calc.sty"
Package: calc 2017/05/25 v4.3 Infix arithmetic (KKT,FJ)
\calc@Acount=\count100
\calc@Bcount=\count101
\calc@Adimen=\dimen110
\calc@Bdimen=\dimen111
\calc@Askip=\skip44
\calc@Bskip=\skip45
LaTeX Info: Redefining \setlength on input line 80.
LaTeX Info: Redefining \addtolength on input line 81.
\calc@Ccount=\count102
\calc@Cskip=\skip46
)
("C:\Users\flpin\AppData\Local\Programs\MiKTeX 2.9\tex\latex\eso-pic\eso-pic.st
y"
Package: eso-pic 2018/04/12 v2.0h eso-pic (RN)

("C:\Users\flpin\AppData\Local\Programs\MiKTeX 2.9\tex\latex\xcolor\xcolor.sty"
Package: xcolor 2016/05/11 v2.12 LaTeX color extensions (UK)

("C:\Users\flpin\AppData\Local\Programs\MiKTeX 2.9\tex\latex\graphics-cfg\color
.cfg"
File: color.cfg 2016/01/02 v1.6 sample color configuration
)
Package xcolor Info: Driver file: pdftex.def on input line 225.
Package xcolor Info: Model `cmy' substituted by `cmy0' on input line 1348.
Package xcolor Info: Model `hsb' substituted by `rgb' on input line 1352.
Package xcolor Info: Model `RGB' extended on input line 1364.
Package xcolor Info: Model `HTML' substituted by `rgb' on input line 1366.
Package xcolor Info: Model `Hsb' substituted by `hsb' on input line 1367.
Package xcolor Info: Model `tHsb' substituted by `hsb' on input line 1368.
Package xcolor Info: Model `HSB' substituted by `hsb' on input line 1369.
Package xcolor Info: Model `Gray' substituted by `gray' on input line 1370.
Package xcolor Info: Model `wave' substituted by `hsb' on input line 1371.
))
\AM@pagewidth=\dimen112
\AM@pageheight=\dimen113

("C:\Users\flpin\AppData\Local\Programs\MiKTeX 2.9\tex\latex\pdfpages\pppdftex.
def"
File: pppdftex.def 2017/10/31 v0.5l Pdfpages driver for pdfTeX (AM)
)
\AM@pagebox=\box26
\AM@global@opts=\toks17
\AM@toc@title=\toks18
\c@AM@survey=\count103
\AM@templatesizebox=\box27
) (Relatorio.aux)
\openout1 = `Relatorio.aux'.

LaTeX Font Info:    Checking defaults for OML/cmm/m/it on input line 17.
LaTeX Font Info:    ... okay on input line 17.
LaTeX Font Info:    Checking defaults for T1/cmr/m/n on input line 17.
LaTeX Font Info:    ... okay on input line 17.
LaTeX Font Info:    Checking defaults for OT1/cmr/m/n on input line 17.
LaTeX Font Info:    ... okay on input line 17.
LaTeX Font Info:    Checking defaults for OMS/cmsy/m/n on input line 17.
LaTeX Font Info:    ... okay on input line 17.
LaTeX Font Info:    Checking defaults for OMX/cmex/m/n on input line 17.
LaTeX Font Info:    ... okay on input line 17.
LaTeX Font Info:    Checking defaults for U/cmr/m/n on input line 17.
LaTeX Font Info:    ... okay on input line 17.
LaTeX Font Info:    Checking defaults for PD1/pdf/m/n on input line 17.
LaTeX Font Info:    ... okay on input line 17.

("C:\Users\flpin\AppData\Local\Programs\MiKTeX 2.9\tex\context\base\supp-pdf.mk
ii"
[Loading MPS to PDF converter (version 2006.09.02).]
\scratchcounter=\count104
\scratchdimen=\dimen114
\scratchbox=\box28
\nofMPsegments=\count105
\nofMParguments=\count106
\everyMPshowfont=\toks19
\MPscratchCnt=\count107
\MPscratchDim=\dimen115
\MPnumerator=\count108
\makeMPintoPDFobject=\count109
\everyMPtoPDFconversion=\toks20
)
("C:\Users\flpin\AppData\Local\Programs\MiKTeX 2.9\tex\latex\oberdiek\epstopdf-
base.sty"
Package: epstopdf-base 2016/05/15 v2.6 Base part for package epstopdf

("C:\Users\flpin\AppData\Local\Programs\MiKTeX 2.9\tex\latex\oberdiek\grfext.st
y"
Package: grfext 2016/05/16 v1.2 Manage graphics extensions (HO)
)
Package epstopdf-base Info: Redefining graphics rule for `.eps' on input line 4
38.
Package grfext Info: Graphics extension search list:
(grfext)             [.pdf,.png,.jpg,.mps,.jpeg,.jbig2,.jb2,.PDF,.PNG,.JPG,.JPE
G,.JBIG2,.JB2,.eps]
(grfext)             \AppendGraphicsExtensions on input line 456.
)
\AtBeginShipoutBox=\box29
Package hyperref Info: Link coloring OFF on input line 17.

("C:\Users\flpin\AppData\Local\Programs\MiKTeX 2.9\tex\latex\hyperref\nameref.s
ty"
Package: nameref 2016/05/21 v2.44 Cross-referencing by name of section

("C:\Users\flpin\AppData\Local\Programs\MiKTeX 2.9\tex\generic\oberdiek\gettitl
estring.sty"
Package: gettitlestring 2016/05/16 v1.5 Cleanup title references (HO)
)
\c@section@level=\count110
)
LaTeX Info: Redefining \ref on input line 17.
LaTeX Info: Redefining \pageref on input line 17.
LaTeX Info: Redefining \nameref on input line 17.
 (Relatorio.out) (Relatorio.out)
\@outlinefile=\write3
\openout3 = `Relatorio.out'.


("C:\Users\flpin\AppData\Local\Programs\MiKTeX 2.9\tex\latex\oberdiek\pdflscape
.sty"
Package: pdflscape 2016/05/14 v0.11 Display of landscape pages in PDF (HO)

("C:\Users\flpin\AppData\Local\Programs\MiKTeX 2.9\tex\latex\graphics\lscape.st
y"
Package: lscape 2000/10/22 v3.01 Landscape Pages (DPC)
)
Package pdflscape Info: Auto-detected driver: pdftex on input line 81.
)
LaTeX Font Info:    External font `cmex10' loaded for size
(Font)              <14.4> on input line 46.
LaTeX Font Info:    External font `cmex10' loaded for size
(Font)              <7> on input line 46.
Package babel Info: Redefining portuges shorthand "|
(babel)             in language  on input line 47.
Package babel Info: Redefining portuges shorthand "|
(babel)             in language  on input line 53.
Package babel Info: Redefining portuges shorthand "|
(babel)             in language  on input line 57.
Package babel Info: Redefining portuges shorthand "|
(babel)             in language  on input line 60.
Package babel Info: Redefining portuges shorthand "|
(babel)             in language  on input line 60.
 [1

{C:/Users/flpin/AppData/Local/MiKTeX/2.9/pdftex/config/pdftex.map}]
Package babel Info: Redefining portuges shorthand "|
(babel)             in language  on input line 68.
<CPA.pdf, id=28, 597.6729pt x 844.83629pt>
File: CPA.pdf Graphic file (type pdf)
<use CPA.pdf>
Package pdftex.def Info: CPA.pdf  used on input line 77.
(pdftex.def)             Requested size: 597.67143pt x 844.83423pt.
File: CPA.pdf Graphic file (type pdf)
<use CPA.pdf>
Package pdftex.def Info: CPA.pdf  used on input line 77.
(pdftex.def)             Requested size: 597.67143pt x 844.83423pt.
<CPA.pdf, id=31, page=1, 597.6729pt x 844.83629pt>
File: CPA.pdf Graphic file (type pdf)
<use CPA.pdf, page 1>
Package pdftex.def Info: CPA.pdf , page1 used on input line 77.
(pdftex.def)             Requested size: 597.67143pt x 844.83423pt.
File: CPA.pdf Graphic file (type pdf)
<use CPA.pdf, page 1>
Package pdftex.def Info: CPA.pdf , page1 used on input line 77.
(pdftex.def)             Requested size: 598.173pt x 845.54323pt.
Package babel Info: Redefining portuges shorthand "|
(babel)             in language  on input line 77.
Package babel Info: Redefining portuges shorthand "|
(babel)             in language  on input line 77.

[2]
File: CPA.pdf Graphic file (type pdf)
<use CPA.pdf, page 1>
Package pdftex.def Info: CPA.pdf , page1 used on input line 77.
(pdftex.def)             Requested size: 598.173pt x 845.54323pt.
File: CPA.pdf Graphic file (type pdf)
<use CPA.pdf, page 1>
Package pdftex.def Info: CPA.pdf , page1 used on input line 77.
(pdftex.def)             Requested size: 598.173pt x 845.54323pt.
Package babel Info: Redefining portuges shorthand "|
(babel)             in language  on input line 77.
Package babel Info: Redefining portuges shorthand "|
(babel)             in language  on input line 77.
File: CPA.pdf Graphic file (type pdf)
<use CPA.pdf, page 1>
Package pdftex.def Info: CPA.pdf , page1 used on input line 77.
(pdftex.def)             Requested size: 598.173pt x 845.54323pt.
 [3 <./CPA.pdf>]
File: CPA.pdf Graphic file (type pdf)
<use CPA.pdf>
Package pdftex.def Info: CPA.pdf  used on input line 77.
(pdftex.def)             Requested size: 597.67143pt x 844.83423pt.
File: CPA.pdf Graphic file (type pdf)
<use CPA.pdf>
Package pdftex.def Info: CPA.pdf  used on input line 77.
(pdftex.def)             Requested size: 597.67143pt x 844.83423pt.
<CPA.pdf, id=53, page=2, 597.6729pt x 844.83629pt>
File: CPA.pdf Graphic file (type pdf)
<use CPA.pdf, page 2>
Package pdftex.def Info: CPA.pdf , page2 used on input line 77.
(pdftex.def)             Requested size: 597.67143pt x 844.83423pt.
File: CPA.pdf Graphic file (type pdf)
<use CPA.pdf, page 2>
Package pdftex.def Info: CPA.pdf , page2 used on input line 77.
(pdftex.def)             Requested size: 598.173pt x 845.54323pt.
File: CPA.pdf Graphic file (type pdf)
<use CPA.pdf, page 2>
Package pdftex.def Info: CPA.pdf , page2 used on input line 77.
(pdftex.def)             Requested size: 598.173pt x 845.54323pt.
File: CPA.pdf Graphic file (type pdf)
<use CPA.pdf, page 2>
Package pdftex.def Info: CPA.pdf , page2 used on input line 77.
(pdftex.def)             Requested size: 598.173pt x 845.54323pt.
Package babel Info: Redefining portuges shorthand "|
(babel)             in language  on input line 77.
Package babel Info: Redefining portuges shorthand "|
(babel)             in language  on input line 77.
File: CPA.pdf Graphic file (type pdf)
<use CPA.pdf, page 2>
Package pdftex.def Info: CPA.pdf , page2 used on input line 77.
(pdftex.def)             Requested size: 598.173pt x 845.54323pt.
 [4 <./CPA.pdf>]
File: CPA.pdf Graphic file (type pdf)
<use CPA.pdf>
Package pdftex.def Info: CPA.pdf  used on input line 77.
(pdftex.def)             Requested size: 597.67143pt x 844.83423pt.
File: CPA.pdf Graphic file (type pdf)
<use CPA.pdf>
Package pdftex.def Info: CPA.pdf  used on input line 77.
(pdftex.def)             Requested size: 597.67143pt x 844.83423pt.
<CPA.pdf, id=64, page=3, 597.6729pt x 844.83629pt>
File: CPA.pdf Graphic file (type pdf)
<use CPA.pdf, page 3>
Package pdftex.def Info: CPA.pdf , page3 used on input line 77.
(pdftex.def)             Requested size: 597.67143pt x 844.83423pt.
File: CPA.pdf Graphic file (type pdf)
<use CPA.pdf, page 3>
Package pdftex.def Info: CPA.pdf , page3 used on input line 77.
(pdftex.def)             Requested size: 598.173pt x 845.54323pt.
File: CPA.pdf Graphic file (type pdf)
<use CPA.pdf, page 3>
Package pdftex.def Info: CPA.pdf , page3 used on input line 77.
(pdftex.def)             Requested size: 598.173pt x 845.54323pt.
File: CPA.pdf Graphic file (type pdf)
<use CPA.pdf, page 3>
Package pdftex.def Info: CPA.pdf , page3 used on input line 77.
(pdftex.def)             Requested size: 598.173pt x 845.54323pt.
Package babel Info: Redefining portuges shorthand "|
(babel)             in language  on input line 77.
Package babel Info: Redefining portuges shorthand "|
(babel)             in language  on input line 77.
File: CPA.pdf Graphic file (type pdf)
<use CPA.pdf, page 3>
Package pdftex.def Info: CPA.pdf , page3 used on input line 77.
(pdftex.def)             Requested size: 598.173pt x 845.54323pt.
 [5 <./CPA.pdf>]
File: CPA.pdf Graphic file (type pdf)
<use CPA.pdf>
Package pdftex.def Info: CPA.pdf  used on input line 77.
(pdftex.def)             Requested size: 597.67143pt x 844.83423pt.
File: CPA.pdf Graphic file (type pdf)
<use CPA.pdf>
Package pdftex.def Info: CPA.pdf  used on input line 77.
(pdftex.def)             Requested size: 597.67143pt x 844.83423pt.
<CPA.pdf, id=72, page=4, 597.6729pt x 844.83629pt>
File: CPA.pdf Graphic file (type pdf)
<use CPA.pdf, page 4>
Package pdftex.def Info: CPA.pdf , page4 used on input line 77.
(pdftex.def)             Requested size: 597.67143pt x 844.83423pt.
File: CPA.pdf Graphic file (type pdf)
<use CPA.pdf, page 4>
Package pdftex.def Info: CPA.pdf , page4 used on input line 77.
(pdftex.def)             Requested size: 598.173pt x 845.54323pt.
File: CPA.pdf Graphic file (type pdf)
<use CPA.pdf, page 4>
Package pdftex.def Info: CPA.pdf , page4 used on input line 77.
(pdftex.def)             Requested size: 598.173pt x 845.54323pt.
File: CPA.pdf Graphic file (type pdf)
<use CPA.pdf, page 4>
Package pdftex.def Info: CPA.pdf , page4 used on input line 77.
(pdftex.def)             Requested size: 598.173pt x 845.54323pt.
Package babel Info: Redefining portuges shorthand "|
(babel)             in language  on input line 77.
Package babel Info: Redefining portuges shorthand "|
(babel)             in language  on input line 77.
File: CPA.pdf Graphic file (type pdf)
<use CPA.pdf, page 4>
Package pdftex.def Info: CPA.pdf , page4 used on input line 77.
(pdftex.def)             Requested size: 598.173pt x 845.54323pt.
 [6 <./CPA.pdf>]
File: CPA.pdf Graphic file (type pdf)
<use CPA.pdf>
Package pdftex.def Info: CPA.pdf  used on input line 77.
(pdftex.def)             Requested size: 597.67143pt x 844.83423pt.
File: CPA.pdf Graphic file (type pdf)
<use CPA.pdf>
Package pdftex.def Info: CPA.pdf  used on input line 77.
(pdftex.def)             Requested size: 597.67143pt x 844.83423pt.
<CPA.pdf, id=83, page=5, 597.6729pt x 844.83629pt>
File: CPA.pdf Graphic file (type pdf)
<use CPA.pdf, page 5>
Package pdftex.def Info: CPA.pdf , page5 used on input line 77.
(pdftex.def)             Requested size: 597.67143pt x 844.83423pt.
File: CPA.pdf Graphic file (type pdf)
<use CPA.pdf, page 5>
Package pdftex.def Info: CPA.pdf , page5 used on input line 77.
(pdftex.def)             Requested size: 598.173pt x 845.54323pt.
File: CPA.pdf Graphic file (type pdf)
<use CPA.pdf, page 5>
Package pdftex.def Info: CPA.pdf , page5 used on input line 77.
(pdftex.def)             Requested size: 598.173pt x 845.54323pt.
File: CPA.pdf Graphic file (type pdf)
<use CPA.pdf, page 5>
Package pdftex.def Info: CPA.pdf , page5 used on input line 77.
(pdftex.def)             Requested size: 598.173pt x 845.54323pt.
Package babel Info: Redefining portuges shorthand "|
(babel)             in language  on input line 77.
Package babel Info: Redefining portuges shorthand "|
(babel)             in language  on input line 77.
File: CPA.pdf Graphic file (type pdf)
<use CPA.pdf, page 5>
Package pdftex.def Info: CPA.pdf , page5 used on input line 77.
(pdftex.def)             Requested size: 598.173pt x 845.54323pt.
 [7 <./CPA.pdf>]
File: CPA.pdf Graphic file (type pdf)
<use CPA.pdf>
Package pdftex.def Info: CPA.pdf  used on input line 77.
(pdftex.def)             Requested size: 597.67143pt x 844.83423pt.
File: CPA.pdf Graphic file (type pdf)
<use CPA.pdf>
Package pdftex.def Info: CPA.pdf  used on input line 77.
(pdftex.def)             Requested size: 597.67143pt x 844.83423pt.
<CPA.pdf, id=92, page=6, 597.6729pt x 844.83629pt>
File: CPA.pdf Graphic file (type pdf)
<use CPA.pdf, page 6>
Package pdftex.def Info: CPA.pdf , page6 used on input line 77.
(pdftex.def)             Requested size: 597.67143pt x 844.83423pt.
File: CPA.pdf Graphic file (type pdf)
<use CPA.pdf, page 6>
Package pdftex.def Info: CPA.pdf , page6 used on input line 77.
(pdftex.def)             Requested size: 598.173pt x 845.54323pt.
File: CPA.pdf Graphic file (type pdf)
<use CPA.pdf, page 6>
Package pdftex.def Info: CPA.pdf , page6 used on input line 77.
(pdftex.def)             Requested size: 598.173pt x 845.54323pt.
File: CPA.pdf Graphic file (type pdf)
<use CPA.pdf, page 6>
Package pdftex.def Info: CPA.pdf , page6 used on input line 77.
(pdftex.def)             Requested size: 598.173pt x 845.54323pt.
Package babel Info: Redefining portuges shorthand "|
(babel)             in language  on input line 77.
Package babel Info: Redefining portuges shorthand "|
(babel)             in language  on input line 77.
File: CPA.pdf Graphic file (type pdf)
<use CPA.pdf, page 6>
Package pdftex.def Info: CPA.pdf , page6 used on input line 77.
(pdftex.def)             Requested size: 598.173pt x 845.54323pt.
 [8 <./CPA.pdf>]
File: CPA.pdf Graphic file (type pdf)
<use CPA.pdf>
Package pdftex.def Info: CPA.pdf  used on input line 77.
(pdftex.def)             Requested size: 597.67143pt x 844.83423pt.
File: CPA.pdf Graphic file (type pdf)
<use CPA.pdf>
Package pdftex.def Info: CPA.pdf  used on input line 77.
(pdftex.def)             Requested size: 597.67143pt x 844.83423pt.
<CPA.pdf, id=108, page=7, 597.6729pt x 844.83629pt>
File: CPA.pdf Graphic file (type pdf)
<use CPA.pdf, page 7>
Package pdftex.def Info: CPA.pdf , page7 used on input line 77.
(pdftex.def)             Requested size: 597.67143pt x 844.83423pt.
File: CPA.pdf Graphic file (type pdf)
<use CPA.pdf, page 7>
Package pdftex.def Info: CPA.pdf , page7 used on input line 77.
(pdftex.def)             Requested size: 598.173pt x 845.54323pt.
File: CPA.pdf Graphic file (type pdf)
<use CPA.pdf, page 7>
Package pdftex.def Info: CPA.pdf , page7 used on input line 77.
(pdftex.def)             Requested size: 598.173pt x 845.54323pt.
File: CPA.pdf Graphic file (type pdf)
<use CPA.pdf, page 7>
Package pdftex.def Info: CPA.pdf , page7 used on input line 77.
(pdftex.def)             Requested size: 598.173pt x 845.54323pt.
Package babel Info: Redefining portuges shorthand "|
(babel)             in language  on input line 77.
Package babel Info: Redefining portuges shorthand "|
(babel)             in language  on input line 77.
File: CPA.pdf Graphic file (type pdf)
<use CPA.pdf, page 7>
Package pdftex.def Info: CPA.pdf , page7 used on input line 77.
(pdftex.def)             Requested size: 598.173pt x 845.54323pt.
 [9 <./CPA.pdf>]
File: CPA.pdf Graphic file (type pdf)
<use CPA.pdf>
Package pdftex.def Info: CPA.pdf  used on input line 77.
(pdftex.def)             Requested size: 597.67143pt x 844.83423pt.
File: CPA.pdf Graphic file (type pdf)
<use CPA.pdf>
Package pdftex.def Info: CPA.pdf  used on input line 77.
(pdftex.def)             Requested size: 597.67143pt x 844.83423pt.
<CPA.pdf, id=116, page=8, 597.6729pt x 844.83629pt>
File: CPA.pdf Graphic file (type pdf)
<use CPA.pdf, page 8>
Package pdftex.def Info: CPA.pdf , page8 used on input line 77.
(pdftex.def)             Requested size: 597.67143pt x 844.83423pt.
File: CPA.pdf Graphic file (type pdf)
<use CPA.pdf, page 8>
Package pdftex.def Info: CPA.pdf , page8 used on input line 77.
(pdftex.def)             Requested size: 598.173pt x 845.54323pt.
File: CPA.pdf Graphic file (type pdf)
<use CPA.pdf, page 8>
Package pdftex.def Info: CPA.pdf , page8 used on input line 77.
(pdftex.def)             Requested size: 598.173pt x 845.54323pt.
File: CPA.pdf Graphic file (type pdf)
<use CPA.pdf, page 8>
Package pdftex.def Info: CPA.pdf , page8 used on input line 77.
(pdftex.def)             Requested size: 598.173pt x 845.54323pt.
Package babel Info: Redefining portuges shorthand "|
(babel)             in language  on input line 77.
Package babel Info: Redefining portuges shorthand "|
(babel)             in language  on input line 77.
File: CPA.pdf Graphic file (type pdf)
<use CPA.pdf, page 8>
Package pdftex.def Info: CPA.pdf , page8 used on input line 77.
(pdftex.def)             Requested size: 598.173pt x 845.54323pt.
 [10 <./CPA.pdf>]
File: CPA.pdf Graphic file (type pdf)
<use CPA.pdf>
Package pdftex.def Info: CPA.pdf  used on input line 77.
(pdftex.def)             Requested size: 597.67143pt x 844.83423pt.
File: CPA.pdf Graphic file (type pdf)
<use CPA.pdf>
Package pdftex.def Info: CPA.pdf  used on input line 77.
(pdftex.def)             Requested size: 597.67143pt x 844.83423pt.
<CPA.pdf, id=126, page=9, 597.6729pt x 844.83629pt>
File: CPA.pdf Graphic file (type pdf)
<use CPA.pdf, page 9>
Package pdftex.def Info: CPA.pdf , page9 used on input line 77.
(pdftex.def)             Requested size: 597.67143pt x 844.83423pt.
File: CPA.pdf Graphic file (type pdf)
<use CPA.pdf, page 9>
Package pdftex.def Info: CPA.pdf , page9 used on input line 77.
(pdftex.def)             Requested size: 598.173pt x 845.54323pt.
File: CPA.pdf Graphic file (type pdf)
<use CPA.pdf, page 9>
Package pdftex.def Info: CPA.pdf , page9 used on input line 77.
(pdftex.def)             Requested size: 598.173pt x 845.54323pt.
File: CPA.pdf Graphic file (type pdf)
<use CPA.pdf, page 9>
Package pdftex.def Info: CPA.pdf , page9 used on input line 77.
(pdftex.def)             Requested size: 598.173pt x 845.54323pt.
Package babel Info: Redefining portuges shorthand "|
(babel)             in language  on input line 77.
Package babel Info: Redefining portuges shorthand "|
(babel)             in language  on input line 77.
File: CPA.pdf Graphic file (type pdf)
<use CPA.pdf, page 9>
Package pdftex.def Info: CPA.pdf , page9 used on input line 77.
(pdftex.def)             Requested size: 598.173pt x 845.54323pt.
 [11 <./CPA.pdf>]
File: CPA.pdf Graphic file (type pdf)
<use CPA.pdf>
Package pdftex.def Info: CPA.pdf  used on input line 77.
(pdftex.def)             Requested size: 597.67143pt x 844.83423pt.
File: CPA.pdf Graphic file (type pdf)
<use CPA.pdf>
Package pdftex.def Info: CPA.pdf  used on input line 77.
(pdftex.def)             Requested size: 597.67143pt x 844.83423pt.
<CPA.pdf, id=135, page=10, 597.6729pt x 844.83629pt>
File: CPA.pdf Graphic file (type pdf)
<use CPA.pdf, page 10>
Package pdftex.def Info: CPA.pdf , page10 used on input line 77.
(pdftex.def)             Requested size: 597.67143pt x 844.83423pt.
File: CPA.pdf Graphic file (type pdf)
<use CPA.pdf, page 10>
Package pdftex.def Info: CPA.pdf , page10 used on input line 77.
(pdftex.def)             Requested size: 598.173pt x 845.54323pt.
File: CPA.pdf Graphic file (type pdf)
<use CPA.pdf, page 10>
Package pdftex.def Info: CPA.pdf , page10 used on input line 77.
(pdftex.def)             Requested size: 598.173pt x 845.54323pt.
File: CPA.pdf Graphic file (type pdf)
<use CPA.pdf, page 10>
Package pdftex.def Info: CPA.pdf , page10 used on input line 77.
(pdftex.def)             Requested size: 598.173pt x 845.54323pt.
Package babel Info: Redefining portuges shorthand "|
(babel)             in language  on input line 77.
Package babel Info: Redefining portuges shorthand "|
(babel)             in language  on input line 77.
File: CPA.pdf Graphic file (type pdf)
<use CPA.pdf, page 10>
Package pdftex.def Info: CPA.pdf , page10 used on input line 77.
(pdftex.def)             Requested size: 598.173pt x 845.54323pt.
 [12 <./CPA.pdf>]
File: CPA.pdf Graphic file (type pdf)
<use CPA.pdf>
Package pdftex.def Info: CPA.pdf  used on input line 77.
(pdftex.def)             Requested size: 597.67143pt x 844.83423pt.
File: CPA.pdf Graphic file (type pdf)
<use CPA.pdf>
Package pdftex.def Info: CPA.pdf  used on input line 77.
(pdftex.def)             Requested size: 597.67143pt x 844.83423pt.
<CPA.pdf, id=144, page=11, 597.6729pt x 844.83629pt>
File: CPA.pdf Graphic file (type pdf)
<use CPA.pdf, page 11>
Package pdftex.def Info: CPA.pdf , page11 used on input line 77.
(pdftex.def)             Requested size: 597.67143pt x 844.83423pt.
File: CPA.pdf Graphic file (type pdf)
<use CPA.pdf, page 11>
Package pdftex.def Info: CPA.pdf , page11 used on input line 77.
(pdftex.def)             Requested size: 598.173pt x 845.54323pt.
File: CPA.pdf Graphic file (type pdf)
<use CPA.pdf, page 11>
Package pdftex.def Info: CPA.pdf , page11 used on input line 77.
(pdftex.def)             Requested size: 598.173pt x 845.54323pt.
File: CPA.pdf Graphic file (type pdf)
<use CPA.pdf, page 11>
Package pdftex.def Info: CPA.pdf , page11 used on input line 77.
(pdftex.def)             Requested size: 598.173pt x 845.54323pt.
Package babel Info: Redefining portuges shorthand "|
(babel)             in language  on input line 77.
Package babel Info: Redefining portuges shorthand "|
(babel)             in language  on input line 77.
File: CPA.pdf Graphic file (type pdf)
<use CPA.pdf, page 11>
Package pdftex.def Info: CPA.pdf , page11 used on input line 77.
(pdftex.def)             Requested size: 598.173pt x 845.54323pt.
 [13 <./CPA.pdf>]
File: CPA.pdf Graphic file (type pdf)
<use CPA.pdf>
Package pdftex.def Info: CPA.pdf  used on input line 77.
(pdftex.def)             Requested size: 597.67143pt x 844.83423pt.
File: CPA.pdf Graphic file (type pdf)
<use CPA.pdf>
Package pdftex.def Info: CPA.pdf  used on input line 77.
(pdftex.def)             Requested size: 597.67143pt x 844.83423pt.
<CPA.pdf, id=155, page=12, 597.6729pt x 844.83629pt>
File: CPA.pdf Graphic file (type pdf)
<use CPA.pdf, page 12>
Package pdftex.def Info: CPA.pdf , page12 used on input line 77.
(pdftex.def)             Requested size: 597.67143pt x 844.83423pt.
File: CPA.pdf Graphic file (type pdf)
<use CPA.pdf, page 12>
Package pdftex.def Info: CPA.pdf , page12 used on input line 77.
(pdftex.def)             Requested size: 598.173pt x 845.54323pt.
File: CPA.pdf Graphic file (type pdf)
<use CPA.pdf, page 12>
Package pdftex.def Info: CPA.pdf , page12 used on input line 77.
(pdftex.def)             Requested size: 598.173pt x 845.54323pt.
File: CPA.pdf Graphic file (type pdf)
<use CPA.pdf, page 12>
Package pdftex.def Info: CPA.pdf , page12 used on input line 77.
(pdftex.def)             Requested size: 598.173pt x 845.54323pt.
Package babel Info: Redefining portuges shorthand "|
(babel)             in language  on input line 77.
Package babel Info: Redefining portuges shorthand "|
(babel)             in language  on input line 77.
File: CPA.pdf Graphic file (type pdf)
<use CPA.pdf, page 12>
Package pdftex.def Info: CPA.pdf , page12 used on input line 77.
(pdftex.def)             Requested size: 598.173pt x 845.54323pt.
 [14 <./CPA.pdf>]
File: CPA.pdf Graphic file (type pdf)
<use CPA.pdf>
Package pdftex.def Info: CPA.pdf  used on input line 77.
(pdftex.def)             Requested size: 597.67143pt x 844.83423pt.
File: CPA.pdf Graphic file (type pdf)
<use CPA.pdf>
Package pdftex.def Info: CPA.pdf  used on input line 77.
(pdftex.def)             Requested size: 597.67143pt x 844.83423pt.
<CPA.pdf, id=163, page=13, 597.6729pt x 844.83629pt>
File: CPA.pdf Graphic file (type pdf)
<use CPA.pdf, page 13>
Package pdftex.def Info: CPA.pdf , page13 used on input line 77.
(pdftex.def)             Requested size: 597.67143pt x 844.83423pt.
File: CPA.pdf Graphic file (type pdf)
<use CPA.pdf, page 13>
Package pdftex.def Info: CPA.pdf , page13 used on input line 77.
(pdftex.def)             Requested size: 598.173pt x 845.54323pt.
File: CPA.pdf Graphic file (type pdf)
<use CPA.pdf, page 13>
Package pdftex.def Info: CPA.pdf , page13 used on input line 77.
(pdftex.def)             Requested size: 598.173pt x 845.54323pt.
File: CPA.pdf Graphic file (type pdf)
<use CPA.pdf, page 13>
Package pdftex.def Info: CPA.pdf , page13 used on input line 77.
(pdftex.def)             Requested size: 598.173pt x 845.54323pt.
Package babel Info: Redefining portuges shorthand "|
(babel)             in language  on input line 77.
Package babel Info: Redefining portuges shorthand "|
(babel)             in language  on input line 77.
File: CPA.pdf Graphic file (type pdf)
<use CPA.pdf, page 13>
Package pdftex.def Info: CPA.pdf , page13 used on input line 77.
(pdftex.def)             Requested size: 598.173pt x 845.54323pt.
 [15 <./CPA.pdf>]
File: CPA.pdf Graphic file (type pdf)
<use CPA.pdf>
Package pdftex.def Info: CPA.pdf  used on input line 77.
(pdftex.def)             Requested size: 597.67143pt x 844.83423pt.
File: CPA.pdf Graphic file (type pdf)
<use CPA.pdf>
Package pdftex.def Info: CPA.pdf  used on input line 77.
(pdftex.def)             Requested size: 597.67143pt x 844.83423pt.
<CPA.pdf, id=173, page=14, 597.6729pt x 844.83629pt>
File: CPA.pdf Graphic file (type pdf)
<use CPA.pdf, page 14>
Package pdftex.def Info: CPA.pdf , page14 used on input line 77.
(pdftex.def)             Requested size: 597.67143pt x 844.83423pt.
File: CPA.pdf Graphic file (type pdf)
<use CPA.pdf, page 14>
Package pdftex.def Info: CPA.pdf , page14 used on input line 77.
(pdftex.def)             Requested size: 598.173pt x 845.54323pt.
File: CPA.pdf Graphic file (type pdf)
<use CPA.pdf, page 14>
Package pdftex.def Info: CPA.pdf , page14 used on input line 77.
(pdftex.def)             Requested size: 598.173pt x 845.54323pt.
File: CPA.pdf Graphic file (type pdf)
<use CPA.pdf, page 14>
Package pdftex.def Info: CPA.pdf , page14 used on input line 77.
(pdftex.def)             Requested size: 598.173pt x 845.54323pt.
Package babel Info: Redefining portuges shorthand "|
(babel)             in language  on input line 77.
Package babel Info: Redefining portuges shorthand "|
(babel)             in language  on input line 77.
File: CPA.pdf Graphic file (type pdf)
<use CPA.pdf, page 14>
Package pdftex.def Info: CPA.pdf , page14 used on input line 77.
(pdftex.def)             Requested size: 598.173pt x 845.54323pt.
 [16 <./CPA.pdf>]
File: CPA.pdf Graphic file (type pdf)
<use CPA.pdf>
Package pdftex.def Info: CPA.pdf  used on input line 77.
(pdftex.def)             Requested size: 597.67143pt x 844.83423pt.
File: CPA.pdf Graphic file (type pdf)
<use CPA.pdf>
Package pdftex.def Info: CPA.pdf  used on input line 77.
(pdftex.def)             Requested size: 597.67143pt x 844.83423pt.
<CPA.pdf, id=183, page=15, 597.6729pt x 844.83629pt>
File: CPA.pdf Graphic file (type pdf)
<use CPA.pdf, page 15>
Package pdftex.def Info: CPA.pdf , page15 used on input line 77.
(pdftex.def)             Requested size: 597.67143pt x 844.83423pt.
File: CPA.pdf Graphic file (type pdf)
<use CPA.pdf, page 15>
Package pdftex.def Info: CPA.pdf , page15 used on input line 77.
(pdftex.def)             Requested size: 598.173pt x 845.54323pt.
File: CPA.pdf Graphic file (type pdf)
<use CPA.pdf, page 15>
Package pdftex.def Info: CPA.pdf , page15 used on input line 77.
(pdftex.def)             Requested size: 598.173pt x 845.54323pt.
File: CPA.pdf Graphic file (type pdf)
<use CPA.pdf, page 15>
Package pdftex.def Info: CPA.pdf , page15 used on input line 77.
(pdftex.def)             Requested size: 598.173pt x 845.54323pt.
Package babel Info: Redefining portuges shorthand "|
(babel)             in language  on input line 77.
Package babel Info: Redefining portuges shorthand "|
(babel)             in language  on input line 77.
File: CPA.pdf Graphic file (type pdf)
<use CPA.pdf, page 15>
Package pdftex.def Info: CPA.pdf , page15 used on input line 77.
(pdftex.def)             Requested size: 598.173pt x 845.54323pt.

[17 <./CPA.pdf>]
File: CPA.pdf Graphic file (type pdf)
<use CPA.pdf>
Package pdftex.def Info: CPA.pdf  used on input line 77.
(pdftex.def)             Requested size: 597.67143pt x 844.83423pt.
File: CPA.pdf Graphic file (type pdf)
<use CPA.pdf>
Package pdftex.def Info: CPA.pdf  used on input line 77.
(pdftex.def)             Requested size: 597.67143pt x 844.83423pt.
<CPA.pdf, id=191, page=16, 597.6729pt x 844.83629pt>
File: CPA.pdf Graphic file (type pdf)
<use CPA.pdf, page 16>
Package pdftex.def Info: CPA.pdf , page16 used on input line 77.
(pdftex.def)             Requested size: 597.67143pt x 844.83423pt.
File: CPA.pdf Graphic file (type pdf)
<use CPA.pdf, page 16>
Package pdftex.def Info: CPA.pdf , page16 used on input line 77.
(pdftex.def)             Requested size: 598.173pt x 845.54323pt.
File: CPA.pdf Graphic file (type pdf)
<use CPA.pdf, page 16>
Package pdftex.def Info: CPA.pdf , page16 used on input line 77.
(pdftex.def)             Requested size: 598.173pt x 845.54323pt.
File: CPA.pdf Graphic file (type pdf)
<use CPA.pdf, page 16>
Package pdftex.def Info: CPA.pdf , page16 used on input line 77.
(pdftex.def)             Requested size: 598.173pt x 845.54323pt.
Package babel Info: Redefining portuges shorthand "|
(babel)             in language  on input line 77.
Package babel Info: Redefining portuges shorthand "|
(babel)             in language  on input line 77.
File: CPA.pdf Graphic file (type pdf)
<use CPA.pdf, page 16>
Package pdftex.def Info: CPA.pdf , page16 used on input line 77.
(pdftex.def)             Requested size: 598.173pt x 845.54323pt.
 [18 <./CPA.pdf>]
File: CPA.pdf Graphic file (type pdf)
<use CPA.pdf>
Package pdftex.def Info: CPA.pdf  used on input line 77.
(pdftex.def)             Requested size: 597.67143pt x 844.83423pt.
File: CPA.pdf Graphic file (type pdf)
<use CPA.pdf>
Package pdftex.def Info: CPA.pdf  used on input line 77.
(pdftex.def)             Requested size: 597.67143pt x 844.83423pt.
<CPA.pdf, id=243, page=17, 597.6729pt x 844.83629pt>
File: CPA.pdf Graphic file (type pdf)
<use CPA.pdf, page 17>
Package pdftex.def Info: CPA.pdf , page17 used on input line 77.
(pdftex.def)             Requested size: 597.67143pt x 844.83423pt.
File: CPA.pdf Graphic file (type pdf)
<use CPA.pdf, page 17>
Package pdftex.def Info: CPA.pdf , page17 used on input line 77.
(pdftex.def)             Requested size: 598.173pt x 845.54323pt.
File: CPA.pdf Graphic file (type pdf)
<use CPA.pdf, page 17>
Package pdftex.def Info: CPA.pdf , page17 used on input line 77.
(pdftex.def)             Requested size: 598.173pt x 845.54323pt.
File: CPA.pdf Graphic file (type pdf)
<use CPA.pdf, page 17>
Package pdftex.def Info: CPA.pdf , page17 used on input line 77.
(pdftex.def)             Requested size: 598.173pt x 845.54323pt.
Package babel Info: Redefining portuges shorthand "|
(babel)             in language  on input line 77.
Package babel Info: Redefining portuges shorthand "|
(babel)             in language  on input line 77.
File: CPA.pdf Graphic file (type pdf)
<use CPA.pdf, page 17>
Package pdftex.def Info: CPA.pdf , page17 used on input line 77.
(pdftex.def)             Requested size: 598.173pt x 845.54323pt.
 [19 <./CPA.pdf>]
File: CPA.pdf Graphic file (type pdf)
<use CPA.pdf>
Package pdftex.def Info: CPA.pdf  used on input line 77.
(pdftex.def)             Requested size: 597.67143pt x 844.83423pt.
File: CPA.pdf Graphic file (type pdf)
<use CPA.pdf>
Package pdftex.def Info: CPA.pdf  used on input line 77.
(pdftex.def)             Requested size: 597.67143pt x 844.83423pt.
<CPA.pdf, id=252, page=18, 597.6729pt x 844.83629pt>
File: CPA.pdf Graphic file (type pdf)
<use CPA.pdf, page 18>
Package pdftex.def Info: CPA.pdf , page18 used on input line 77.
(pdftex.def)             Requested size: 597.67143pt x 844.83423pt.
File: CPA.pdf Graphic file (type pdf)
<use CPA.pdf, page 18>
Package pdftex.def Info: CPA.pdf , page18 used on input line 77.
(pdftex.def)             Requested size: 598.173pt x 845.54323pt.
File: CPA.pdf Graphic file (type pdf)
<use CPA.pdf, page 18>
Package pdftex.def Info: CPA.pdf , page18 used on input line 77.
(pdftex.def)             Requested size: 598.173pt x 845.54323pt.
File: CPA.pdf Graphic file (type pdf)
<use CPA.pdf, page 18>
Package pdftex.def Info: CPA.pdf , page18 used on input line 77.
(pdftex.def)             Requested size: 598.173pt x 845.54323pt.
Package babel Info: Redefining portuges shorthand "|
(babel)             in language  on input line 77.
Package babel Info: Redefining portuges shorthand "|
(babel)             in language  on input line 77.
File: CPA.pdf Graphic file (type pdf)
<use CPA.pdf, page 18>
Package pdftex.def Info: CPA.pdf , page18 used on input line 77.
(pdftex.def)             Requested size: 598.173pt x 845.54323pt.
 [20 <./CPA.pdf>]
File: CPA.pdf Graphic file (type pdf)
<use CPA.pdf>
Package pdftex.def Info: CPA.pdf  used on input line 77.
(pdftex.def)             Requested size: 597.67143pt x 844.83423pt.
File: CPA.pdf Graphic file (type pdf)
<use CPA.pdf>
Package pdftex.def Info: CPA.pdf  used on input line 77.
(pdftex.def)             Requested size: 597.67143pt x 844.83423pt.
<CPA.pdf, id=262, page=19, 597.6729pt x 844.83629pt>
File: CPA.pdf Graphic file (type pdf)
<use CPA.pdf, page 19>
Package pdftex.def Info: CPA.pdf , page19 used on input line 77.
(pdftex.def)             Requested size: 597.67143pt x 844.83423pt.
File: CPA.pdf Graphic file (type pdf)
<use CPA.pdf, page 19>
Package pdftex.def Info: CPA.pdf , page19 used on input line 77.
(pdftex.def)             Requested size: 598.173pt x 845.54323pt.
File: CPA.pdf Graphic file (type pdf)
<use CPA.pdf, page 19>
Package pdftex.def Info: CPA.pdf , page19 used on input line 77.
(pdftex.def)             Requested size: 598.173pt x 845.54323pt.
File: CPA.pdf Graphic file (type pdf)
<use CPA.pdf, page 19>
Package pdftex.def Info: CPA.pdf , page19 used on input line 77.
(pdftex.def)             Requested size: 598.173pt x 845.54323pt.
Package babel Info: Redefining portuges shorthand "|
(babel)             in language  on input line 77.
Package babel Info: Redefining portuges shorthand "|
(babel)             in language  on input line 77.
File: CPA.pdf Graphic file (type pdf)
<use CPA.pdf, page 19>
Package pdftex.def Info: CPA.pdf , page19 used on input line 77.
(pdftex.def)             Requested size: 598.173pt x 845.54323pt.
 [21 <./CPA.pdf>]
File: CPA.pdf Graphic file (type pdf)
<use CPA.pdf>
Package pdftex.def Info: CPA.pdf  used on input line 77.
(pdftex.def)             Requested size: 597.67143pt x 844.83423pt.
File: CPA.pdf Graphic file (type pdf)
<use CPA.pdf>
Package pdftex.def Info: CPA.pdf  used on input line 77.
(pdftex.def)             Requested size: 597.67143pt x 844.83423pt.
<CPA.pdf, id=272, page=20, 597.6729pt x 844.83629pt>
File: CPA.pdf Graphic file (type pdf)
<use CPA.pdf, page 20>
Package pdftex.def Info: CPA.pdf , page20 used on input line 77.
(pdftex.def)             Requested size: 597.67143pt x 844.83423pt.
File: CPA.pdf Graphic file (type pdf)
<use CPA.pdf, page 20>
Package pdftex.def Info: CPA.pdf , page20 used on input line 77.
(pdftex.def)             Requested size: 598.173pt x 845.54323pt.
File: CPA.pdf Graphic file (type pdf)
<use CPA.pdf, page 20>
Package pdftex.def Info: CPA.pdf , page20 used on input line 77.
(pdftex.def)             Requested size: 598.173pt x 845.54323pt.
File: CPA.pdf Graphic file (type pdf)
<use CPA.pdf, page 20>
Package pdftex.def Info: CPA.pdf , page20 used on input line 77.
(pdftex.def)             Requested size: 598.173pt x 845.54323pt.
Package babel Info: Redefining portuges shorthand "|
(babel)             in language  on input line 77.
Package babel Info: Redefining portuges shorthand "|
(babel)             in language  on input line 77.
File: CPA.pdf Graphic file (type pdf)
<use CPA.pdf, page 20>
Package pdftex.def Info: CPA.pdf , page20 used on input line 77.
(pdftex.def)             Requested size: 598.173pt x 845.54323pt.
 [22 <./CPA.pdf>]
Package atveryend Info: Empty hook `BeforeClearDocument' on input line 79.
Package atveryend Info: Empty hook `AfterLastShipout' on input line 79.
 (Relatorio.aux)
Package atveryend Info: Executing hook `AtVeryEndDocument' on input line 79.
Package atveryend Info: Executing hook `AtEndAfterFileList' on input line 79.
Package rerunfilecheck Info: File `Relatorio.out' has not changed.
(rerunfilecheck)             Checksum: BC6FE3177BB66A53EFADB23ECC4D2191;477.
Package atveryend Info: Empty hook `AtVeryVeryEnd' on input line 79.
 ) 
Here is how much of TeX's memory you used:
 6990 strings out of 492976
 103918 string characters out of 3126751
 204131 words of memory out of 3000000
 10759 multiletter control sequences out of 15000+200000
 8700 words of font info for 23 fonts, out of 3000000 for 9000
 1141 hyphenation exceptions out of 8191
 39i,18n,44p,510b,477s stack positions out of 5000i,500n,10000p,200000b,50000s
 <C:\Users\flpin\AppData\Local\MiKTeX\2.9\fonts\pk\ljfour\jknappen\ec\dpi600\
ecrm1200.pk> <C:\Users\flpin\AppData\Local\MiKTeX\2.9\fonts\pk\ljfour\jknappen\
ec\dpi600\ecbx1728.pk> <C:\Users\flpin\AppData\Local\MiKTeX\2.9\fonts\pk\ljfour
\jknappen\ec\dpi600\ecrm1440.pk> <C:\Users\flpin\AppData\Local\MiKTeX\2.9\fonts
\pk\ljfour\jknappen\ec\dpi600\ecrm2074.pk>
Output written on Relatorio.pdf (22 pages, 1182913 bytes).
PDF statistics:
 443 PDF objects out of 1000 (max. 8388607)
 27 named destinations out of 1000 (max. 500000)
 338 words of extra memory for PDF output out of 10000 (max. 10000000)

